VirtualBox 4.1.18 r78361 linux.amd64 (Jun 20 2012 13:09:34) release log
00:00:00.309 Log opened 2012-11-09T15:37:32.841453000Z
00:00:00.309 OS Product: Linux
00:00:00.309 OS Release: 2.6.32-279.11.1.el6.x86_64
00:00:00.309 OS Version: #1 SMP Tue Oct 16 11:16:02 CDT 2012
00:00:00.309 DMI Product Name: OptiPlex 780                 
00:00:00.309 DMI Product Version: 
00:00:00.309 Host RAM: 3797MB RAM, available: 2439MB
00:00:00.309 Executable: /usr/lib/virtualbox/VirtualBox
00:00:00.309 Process ID: 2970
00:00:00.309 Package type: LINUX_64BITS_RHEL_6
00:00:00.309 Installed Extension Packs:
00:00:00.309   None installed!
00:00:00.343 Using XKB for keycode to scan code conversion
00:00:00.344 SUP: Loaded VMMR0.r0 (/usr/lib/virtualbox/VMMR0.r0) at 0xffffffffa0583320 - ModuleInit at ffffffffa059a560 and ModuleTerm at ffffffffa059a530
00:00:00.345 SUP: VMMR0EntryEx located at ffffffffa059a450, VMMR0EntryFast at ffffffffa0599330 and VMMR0EntryInt at ffffffffa0599130
00:00:00.361 File system of '/afs/inf.ed.ac.uk/user/s10/s1006260/OperatingSystems/OSP_Fedora_Core_7/Snapshots' (snapshots) is unknown
00:00:00.361 File system of '/afs/inf.ed.ac.uk/user/s10/s1006260/OperatingSystems/OSP_Fedora_Core_7/Snapshots/{68e8ed65-10d7-448b-830c-aa09a6a40681}.vdi' is unknown
00:00:00.364 File system of '/afs/inf.ed.ac.uk/user/s10/s1006260/OperatingSystems/OSP_Fedora_Core_7/Snapshots/{4e358cb5-2a67-41f7-85b8-acdfe38d8a67}.vdi' is unknown
00:00:00.367 File system of '/afs/inf.ed.ac.uk/user/s10/s1006260/OperatingSystems/OSP_Fedora_Core_7/Snapshots/{dadf5b4f-9fd8-46b2-89fc-504e75e1855e}.vdi' is unknown
00:00:00.374 VBoxSharedClipboard mode: Bidirectional
00:00:00.376 ************************* CFGM dump *************************
00:00:00.376 [/] (level 0)
00:00:00.376   CSAMEnabled     <integer> = 0x0000000000000001 (1)
00:00:00.376   CpuExecutionCap <integer> = 0x0000000000000064 (100)
00:00:00.376   EnablePAE       <integer> = 0x0000000000000001 (1)
00:00:00.376   HwVirtExtForced <integer> = 0x0000000000000000 (0)
00:00:00.376   MemBalloonSize  <integer> = 0x0000000000000000 (0)
00:00:00.376   Name            <string>  = "OSP_Fedora_Core_7" (cb=18)
00:00:00.376   NumCPUs         <integer> = 0x0000000000000001 (1)
00:00:00.376   PATMEnabled     <integer> = 0x0000000000000001 (1)
00:00:00.376   PageFusion      <integer> = 0x0000000000000000 (0)
00:00:00.376   RamHoleSize     <integer> = 0x0000000020000000 (536 870 912, 512 MB)
00:00:00.376   RamSize         <integer> = 0x0000000010000000 (268 435 456, 256 MB)
00:00:00.376   RawR0Enabled    <integer> = 0x0000000000000001 (1)
00:00:00.376   RawR3Enabled    <integer> = 0x0000000000000001 (1)
00:00:00.376   TimerMillies    <integer> = 0x000000000000000a (10)
00:00:00.376   UUID            <bytes>   = "f2 8f bf f2 d1 9f 9d 4c bd 07 e6 66 27 68 a8 b9" (cb=16)
00:00:00.376 
00:00:00.376 [/CPUM/] (level 1)
00:00:00.376   SyntheticCpu <integer> = 0x0000000000000000 (0)
00:00:00.376 
00:00:00.376 [/Devices/] (level 1)
00:00:00.376 
00:00:00.376 [/Devices/8237A/] (level 2)
00:00:00.376 
00:00:00.376 [/Devices/8237A/0/] (level 3)
00:00:00.376   Trusted <integer> = 0x0000000000000001 (1)
00:00:00.376 
00:00:00.376 [/Devices/AudioSniffer/] (level 2)
00:00:00.376 
00:00:00.376 [/Devices/AudioSniffer/0/] (level 3)
00:00:00.376 
00:00:00.376 [/Devices/AudioSniffer/0/Config/] (level 4)
00:00:00.376 
00:00:00.376 [/Devices/AudioSniffer/0/LUN#0/] (level 4)
00:00:00.376   Driver <string>  = "MainAudioSniffer" (cb=17)
00:00:00.376 
00:00:00.376 [/Devices/AudioSniffer/0/LUN#0/Config/] (level 5)
00:00:00.376   Object <integer> = 0x00007fd23c004a90 (140 540 926 511 760)
00:00:00.376 
00:00:00.376 [/Devices/VMMDev/] (level 2)
00:00:00.376 
00:00:00.376 [/Devices/VMMDev/0/] (level 3)
00:00:00.376   PCIBusNo      <integer> = 0x0000000000000000 (0)
00:00:00.376   PCIDeviceNo   <integer> = 0x0000000000000004 (4)
00:00:00.376   PCIFunctionNo <integer> = 0x0000000000000000 (0)
00:00:00.376   Trusted       <integer> = 0x0000000000000001 (1)
00:00:00.376 
00:00:00.376 [/Devices/VMMDev/0/Config/] (level 4)
00:00:00.376   GuestCoreDumpDir <string>  = "/afs/inf.ed.ac.uk/user/s10/s1006260/OperatingSystems/OSP_Fedora_Core_7/Snapshots" (cb=81)
00:00:00.376   RamSize          <integer> = 0x0000000010000000 (268 435 456, 256 MB)
00:00:00.376 
00:00:00.376 [/Devices/VMMDev/0/LUN#0/] (level 4)
00:00:00.376   Driver <string>  = "HGCM" (cb=5)
00:00:00.376 
00:00:00.376 [/Devices/VMMDev/0/LUN#0/Config/] (level 5)
00:00:00.376   Object <integer> = 0x00007fd230002220 (140 540 725 174 816)
00:00:00.376 
00:00:00.376 [/Devices/VMMDev/0/LUN#999/] (level 4)
00:00:00.376   Driver <string>  = "MainStatus" (cb=11)
00:00:00.376 
00:00:00.376 [/Devices/VMMDev/0/LUN#999/Config/] (level 5)
00:00:00.376   First   <integer> = 0x0000000000000000 (0)
00:00:00.376   Last    <integer> = 0x0000000000000000 (0)
00:00:00.376   papLeds <integer> = 0x00007fd23c001648 (140 540 926 498 376)
00:00:00.376 
00:00:00.376 [/Devices/acpi/] (level 2)
00:00:00.376 
00:00:00.376 [/Devices/acpi/0/] (level 3)
00:00:00.376   PCIBusNo      <integer> = 0x0000000000000000 (0)
00:00:00.376   PCIDeviceNo   <integer> = 0x0000000000000007 (7)
00:00:00.376   PCIFunctionNo <integer> = 0x0000000000000000 (0)
00:00:00.376   Trusted       <integer> = 0x0000000000000001 (1)
00:00:00.376 
00:00:00.376 [/Devices/acpi/0/Config/] (level 4)
00:00:00.376   CpuHotPlug        <integer> = 0x0000000000000000 (0)
00:00:00.376   FdcEnabled        <integer> = 0x0000000000000000 (0)
00:00:00.376   HostBusPciAddress <integer> = 0x0000000000000000 (0)
00:00:00.376   HpetEnabled       <integer> = 0x0000000000000000 (0)
00:00:00.376   IOAPIC            <integer> = 0x0000000000000000 (0)
00:00:00.376   IocPciAddress     <integer> = 0x0000000000010000 (65 536)
00:00:00.376   NumCPUs           <integer> = 0x0000000000000001 (1)
00:00:00.376   RamHoleSize       <integer> = 0x0000000020000000 (536 870 912, 512 MB)
00:00:00.376   RamSize           <integer> = 0x0000000010000000 (268 435 456, 256 MB)
00:00:00.376   Serial0IoPortBase <integer> = 0x0000000000000000 (0)
00:00:00.376   Serial0Irq        <integer> = 0x0000000000000000 (0)
00:00:00.376   Serial1IoPortBase <integer> = 0x0000000000000000 (0)
00:00:00.376   Serial1Irq        <integer> = 0x0000000000000000 (0)
00:00:00.376   ShowCpu           <integer> = 0x0000000000000000 (0)
00:00:00.376   ShowRtc           <integer> = 0x0000000000000000 (0)
00:00:00.376   SmcEnabled        <integer> = 0x0000000000000000 (0)
00:00:00.376 
00:00:00.376 [/Devices/acpi/0/LUN#0/] (level 4)
00:00:00.376   Driver <string>  = "ACPIHost" (cb=9)
00:00:00.376 
00:00:00.376 [/Devices/acpi/0/LUN#0/Config/] (level 5)
00:00:00.376 
00:00:00.376 [/Devices/apic/] (level 2)
00:00:00.376 
00:00:00.376 [/Devices/apic/0/] (level 3)
00:00:00.376   Trusted <integer> = 0x0000000000000001 (1)
00:00:00.376 
00:00:00.376 [/Devices/apic/0/Config/] (level 4)
00:00:00.376   IOAPIC  <integer> = 0x0000000000000000 (0)
00:00:00.376   NumCPUs <integer> = 0x0000000000000001 (1)
00:00:00.376 
00:00:00.376 [/Devices/e1000/] (level 2)
00:00:00.376 
00:00:00.376 [/Devices/i8254/] (level 2)
00:00:00.376 
00:00:00.376 [/Devices/i8254/0/] (level 3)
00:00:00.376 
00:00:00.376 [/Devices/i8254/0/Config/] (level 4)
00:00:00.376 
00:00:00.376 [/Devices/i8259/] (level 2)
00:00:00.376 
00:00:00.376 [/Devices/i8259/0/] (level 3)
00:00:00.376   Trusted <integer> = 0x0000000000000001 (1)
00:00:00.376 
00:00:00.376 [/Devices/i8259/0/Config/] (level 4)
00:00:00.376 
00:00:00.376 [/Devices/mc146818/] (level 2)
00:00:00.376 
00:00:00.376 [/Devices/mc146818/0/] (level 3)
00:00:00.376 
00:00:00.376 [/Devices/mc146818/0/Config/] (level 4)
00:00:00.376   UseUTC <integer> = 0x0000000000000000 (0)
00:00:00.376 
00:00:00.376 [/Devices/parallel/] (level 2)
00:00:00.376 
00:00:00.376 [/Devices/pcarch/] (level 2)
00:00:00.376 
00:00:00.376 [/Devices/pcarch/0/] (level 3)
00:00:00.376   Trusted <integer> = 0x0000000000000001 (1)
00:00:00.376 
00:00:00.376 [/Devices/pcarch/0/Config/] (level 4)
00:00:00.376 
00:00:00.376 [/Devices/pcbios/] (level 2)
00:00:00.376 
00:00:00.376 [/Devices/pcbios/0/] (level 3)
00:00:00.376   Trusted <integer> = 0x0000000000000001 (1)
00:00:00.376 
00:00:00.376 [/Devices/pcbios/0/Config/] (level 4)
00:00:00.376   BootDevice0    <string>  = "IDE" (cb=4)
00:00:00.376   BootDevice1    <string>  = "DVD" (cb=4)
00:00:00.376   BootDevice2    <string>  = "IDE" (cb=4)
00:00:00.376   BootDevice3    <string>  = "NONE" (cb=5)
00:00:00.376   FloppyDevice   <string>  = "i82078" (cb=7)
00:00:00.376   HardDiskDevice <string>  = "piix3ide" (cb=9)
00:00:00.376   IOAPIC         <integer> = 0x0000000000000000 (0)
00:00:00.376   McfgBase       <integer> = 0x0000000000000000 (0)
00:00:00.376   McfgLength     <integer> = 0x0000000000000000 (0)
00:00:00.376   NumCPUs        <integer> = 0x0000000000000001 (1)
00:00:00.376   PXEDebug       <integer> = 0x0000000000000000 (0)
00:00:00.376   RamHoleSize    <integer> = 0x0000000020000000 (536 870 912, 512 MB)
00:00:00.376   RamSize        <integer> = 0x0000000010000000 (268 435 456, 256 MB)
00:00:00.376   UUID           <bytes>   = "f2 8f bf f2 d1 9f 9d 4c bd 07 e6 66 27 68 a8 b9" (cb=16)
00:00:00.376 
00:00:00.376 [/Devices/pcbios/0/Config/NetBoot/] (level 5)
00:00:00.376 
00:00:00.376 [/Devices/pcbios/0/Config/NetBoot/0/] (level 6)
00:00:00.376   NIC           <integer> = 0x0000000000000000 (0)
00:00:00.376   PCIBusNo      <integer> = 0x0000000000000000 (0)
00:00:00.376   PCIDeviceNo   <integer> = 0x0000000000000003 (3)
00:00:00.376   PCIFunctionNo <integer> = 0x0000000000000000 (0)
00:00:00.376 
00:00:00.376 [/Devices/pci/] (level 2)
00:00:00.376 
00:00:00.376 [/Devices/pci/0/] (level 3)
00:00:00.376   Trusted <integer> = 0x0000000000000001 (1)
00:00:00.376 
00:00:00.376 [/Devices/pci/0/Config/] (level 4)
00:00:00.376   IOAPIC <integer> = 0x0000000000000000 (0)
00:00:00.376 
00:00:00.376 [/Devices/pckbd/] (level 2)
00:00:00.376 
00:00:00.376 [/Devices/pckbd/0/] (level 3)
00:00:00.376   Trusted <integer> = 0x0000000000000001 (1)
00:00:00.376 
00:00:00.376 [/Devices/pckbd/0/Config/] (level 4)
00:00:00.376 
00:00:00.376 [/Devices/pckbd/0/LUN#0/] (level 4)
00:00:00.376   Driver <string>  = "KeyboardQueue" (cb=14)
00:00:00.376 
00:00:00.376 [/Devices/pckbd/0/LUN#0/AttachedDriver/] (level 5)
00:00:00.376   Driver <string>  = "MainKeyboard" (cb=13)
00:00:00.376 
00:00:00.376 [/Devices/pckbd/0/LUN#0/AttachedDriver/Config/] (level 6)
00:00:00.376   Object <integer> = 0x00007fd23c002b10 (140 540 926 503 696)
00:00:00.376 
00:00:00.376 [/Devices/pckbd/0/LUN#0/Config/] (level 5)
00:00:00.376   QueueSize <integer> = 0x0000000000000040 (64)
00:00:00.376 
00:00:00.376 [/Devices/pckbd/0/LUN#1/] (level 4)
00:00:00.376   Driver <string>  = "MouseQueue" (cb=11)
00:00:00.376 
00:00:00.376 [/Devices/pckbd/0/LUN#1/AttachedDriver/] (level 5)
00:00:00.376   Driver <string>  = "MainMouse" (cb=10)
00:00:00.376 
00:00:00.376 [/Devices/pckbd/0/LUN#1/AttachedDriver/Config/] (level 6)
00:00:00.376   Object <integer> = 0x00007fd23c003070 (140 540 926 505 072)
00:00:00.376 
00:00:00.376 [/Devices/pckbd/0/LUN#1/Config/] (level 5)
00:00:00.376   QueueSize <integer> = 0x0000000000000080 (128)
00:00:00.376 
00:00:00.376 [/Devices/pcnet/] (level 2)
00:00:00.376 
00:00:00.376 [/Devices/pcnet/0/] (level 3)
00:00:00.376   PCIBusNo      <integer> = 0x0000000000000000 (0)
00:00:00.376   PCIDeviceNo   <integer> = 0x0000000000000003 (3)
00:00:00.376   PCIFunctionNo <integer> = 0x0000000000000000 (0)
00:00:00.376   Trusted       <integer> = 0x0000000000000001 (1)
00:00:00.376 
00:00:00.376 [/Devices/pcnet/0/Config/] (level 4)
00:00:00.376   Am79C973       <integer> = 0x0000000000000001 (1)
00:00:00.376   CableConnected <integer> = 0x0000000000000001 (1)
00:00:00.376   LineSpeed      <integer> = 0x0000000000000000 (0)
00:00:00.376   MAC            <bytes>   = "08 00 27 c4 a6 24" (cb=6)
00:00:00.376 
00:00:00.376 [/Devices/pcnet/0/LUN#0/] (level 4)
00:00:00.376   Driver <string>  = "NAT" (cb=4)
00:00:00.376 
00:00:00.376 [/Devices/pcnet/0/LUN#0/Config/] (level 5)
00:00:00.376   AliasMode       <integer> = 0x0000000000000000 (0)
00:00:00.376   BootFile        <string>  = "OSP_Fedora_Core_7.pxe" (cb=22)
00:00:00.376   DNSProxy        <integer> = 0x0000000000000000 (0)
00:00:00.376   Network         <string>  = "10.0.2.0/24" (cb=12)
00:00:00.376   PassDomain      <integer> = 0x0000000000000001 (1)
00:00:00.376   TFTPPrefix      <string>  = "/afs/inf.ed.ac.uk/user/s10/s1006260/.VirtualBox/TFTP" (cb=53)
00:00:00.376   UseHostResolver <integer> = 0x0000000000000000 (0)
00:00:00.376 
00:00:00.376 [/Devices/pcnet/0/LUN#999/] (level 4)
00:00:00.376   Driver <string>  = "MainStatus" (cb=11)
00:00:00.376 
00:00:00.376 [/Devices/pcnet/0/LUN#999/Config/] (level 5)
00:00:00.376   First   <integer> = 0x0000000000000000 (0)
00:00:00.376   Last    <integer> = 0x0000000000000000 (0)
00:00:00.376   papLeds <integer> = 0x00007fd23c001608 (140 540 926 498 312)
00:00:00.376 
00:00:00.376 [/Devices/piix3ide/] (level 2)
00:00:00.376 
00:00:00.376 [/Devices/piix3ide/0/] (level 3)
00:00:00.376   PCIBusNo      <integer> = 0x0000000000000000 (0)
00:00:00.376   PCIDeviceNo   <integer> = 0x0000000000000001 (1)
00:00:00.376   PCIFunctionNo <integer> = 0x0000000000000001 (1)
00:00:00.376   Trusted       <integer> = 0x0000000000000001 (1)
00:00:00.376 
00:00:00.376 [/Devices/piix3ide/0/Config/] (level 4)
00:00:00.376   Type <string>  = "PIIX4" (cb=6)
00:00:00.376 
00:00:00.376 [/Devices/piix3ide/0/Config/PrimaryMaster/] (level 5)
00:00:00.376   NonRotationalMedium <integer> = 0x0000000000000000 (0)
00:00:00.376 
00:00:00.376 [/Devices/piix3ide/0/Config/PrimarySlave/] (level 5)
00:00:00.376   NonRotationalMedium <integer> = 0x0000000000000000 (0)
00:00:00.376 
00:00:00.376 [/Devices/piix3ide/0/Config/SecondaryMaster/] (level 5)
00:00:00.376   NonRotationalMedium <integer> = 0x0000000000000000 (0)
00:00:00.376 
00:00:00.376 [/Devices/piix3ide/0/LUN#0/] (level 4)
00:00:00.376   Driver <string>  = "Block" (cb=6)
00:00:00.376 
00:00:00.376 [/Devices/piix3ide/0/LUN#0/AttachedDriver/] (level 5)
00:00:00.376   Driver <string>  = "VD" (cb=3)
00:00:00.376 
00:00:00.376 [/Devices/piix3ide/0/LUN#0/AttachedDriver/Config/] (level 6)
00:00:00.376   Format <string>  = "VDI" (cb=4)
00:00:00.376   Path   <string>  = "/afs/inf.ed.ac.uk/user/s10/s1006260/OperatingSystems/OSP_Fedora_Core_7/Snapshots/{68e8ed65-10d7-448b-830c-aa09a6a40681}.vdi" (cb=124)
00:00:00.376   Type   <string>  = "HardDisk" (cb=9)
00:00:00.376 
00:00:00.376 [/Devices/piix3ide/0/LUN#0/AttachedDriver/Config/Parent/] (level 7)
00:00:00.376   Format <string>  = "VDI" (cb=4)
00:00:00.376   Path   <string>  = "/group/teaching/cs3/os/VBox/osp_root_fs_1.vdi" (cb=46)
00:00:00.376 
00:00:00.376 [/Devices/piix3ide/0/LUN#0/Config/] (level 5)
00:00:00.376   Mountable <integer> = 0x0000000000000000 (0)
00:00:00.376   Type      <string>  = "HardDisk" (cb=9)
00:00:00.376 
00:00:00.376 [/Devices/piix3ide/0/LUN#1/] (level 4)
00:00:00.376   Driver <string>  = "Block" (cb=6)
00:00:00.376 
00:00:00.376 [/Devices/piix3ide/0/LUN#1/AttachedDriver/] (level 5)
00:00:00.376   Driver <string>  = "VD" (cb=3)
00:00:00.376 
00:00:00.376 [/Devices/piix3ide/0/LUN#1/AttachedDriver/Config/] (level 6)
00:00:00.376   Format <string>  = "VDI" (cb=4)
00:00:00.376   Path   <string>  = "/afs/inf.ed.ac.uk/user/s10/s1006260/OperatingSystems/OSP_Fedora_Core_7/Snapshots/{4e358cb5-2a67-41f7-85b8-acdfe38d8a67}.vdi" (cb=124)
00:00:00.376   Type   <string>  = "HardDisk" (cb=9)
00:00:00.376 
00:00:00.376 [/Devices/piix3ide/0/LUN#1/AttachedDriver/Config/Parent/] (level 7)
00:00:00.376   Format <string>  = "VDI" (cb=4)
00:00:00.376   Path   <string>  = "/afs/inf.ed.ac.uk/user/s10/s1006260/OperatingSystems/work.vdi" (cb=62)
00:00:00.376 
00:00:00.376 [/Devices/piix3ide/0/LUN#1/Config/] (level 5)
00:00:00.376   Mountable <integer> = 0x0000000000000000 (0)
00:00:00.376   Type      <string>  = "HardDisk" (cb=9)
00:00:00.376 
00:00:00.376 [/Devices/piix3ide/0/LUN#2/] (level 4)
00:00:00.376   Driver <string>  = "Block" (cb=6)
00:00:00.376 
00:00:00.376 [/Devices/piix3ide/0/LUN#2/AttachedDriver/] (level 5)
00:00:00.376   Driver <string>  = "VD" (cb=3)
00:00:00.376 
00:00:00.376 [/Devices/piix3ide/0/LUN#2/AttachedDriver/Config/] (level 6)
00:00:00.376   Format <string>  = "VDI" (cb=4)
00:00:00.376   Path   <string>  = "/afs/inf.ed.ac.uk/user/s10/s1006260/OperatingSystems/OSP_Fedora_Core_7/Snapshots/{dadf5b4f-9fd8-46b2-89fc-504e75e1855e}.vdi" (cb=124)
00:00:00.376   Type   <string>  = "HardDisk" (cb=9)
00:00:00.376 
00:00:00.376 [/Devices/piix3ide/0/LUN#2/AttachedDriver/Config/Parent/] (level 7)
00:00:00.376   Format <string>  = "VDI" (cb=4)
00:00:00.376   Path   <string>  = "/group/teaching/cs3/os/VBox/osp_kernel.vdi" (cb=43)
00:00:00.376 
00:00:00.376 [/Devices/piix3ide/0/LUN#2/Config/] (level 5)
00:00:00.376   Mountable <integer> = 0x0000000000000000 (0)
00:00:00.376   Type      <string>  = "HardDisk" (cb=9)
00:00:00.376 
00:00:00.376 [/Devices/piix3ide/0/LUN#999/] (level 4)
00:00:00.376   Driver <string>  = "MainStatus" (cb=11)
00:00:00.376 
00:00:00.376 [/Devices/piix3ide/0/LUN#999/Config/] (level 5)
00:00:00.376   DeviceInstance        <string>  = "piix3ide/0" (cb=11)
00:00:00.376   First                 <integer> = 0x0000000000000000 (0)
00:00:00.376   Last                  <integer> = 0x0000000000000003 (3)
00:00:00.376   pConsole              <integer> = 0x00007fd23c001150 (140 540 926 497 104)
00:00:00.376   papLeds               <integer> = 0x00007fd23c001438 (140 540 926 497 848)
00:00:00.376   pmapMediumAttachments <integer> = 0x00007fd23c001660 (140 540 926 498 400)
00:00:00.376 
00:00:00.376 [/Devices/serial/] (level 2)
00:00:00.376 
00:00:00.376 [/Devices/vga/] (level 2)
00:00:00.376 
00:00:00.376 [/Devices/vga/0/] (level 3)
00:00:00.376   PCIBusNo      <integer> = 0x0000000000000000 (0)
00:00:00.376   PCIDeviceNo   <integer> = 0x0000000000000002 (2)
00:00:00.376   PCIFunctionNo <integer> = 0x0000000000000000 (0)
00:00:00.376   Trusted       <integer> = 0x0000000000000001 (1)
00:00:00.376 
00:00:00.376 [/Devices/vga/0/Config/] (level 4)
00:00:00.376   CustomVideoModes <integer> = 0x0000000000000000 (0)
00:00:00.376   FadeIn           <integer> = 0x0000000000000001 (1)
00:00:00.376   FadeOut          <integer> = 0x0000000000000001 (1)
00:00:00.376   HeightReduction  <integer> = 0x0000000000000000 (0)
00:00:00.376   LogoFile         <string>  = "" (cb=1)
00:00:00.376   LogoTime         <integer> = 0x0000000000000000 (0)
00:00:00.376   MonitorCount     <integer> = 0x0000000000000001 (1)
00:00:00.376   ShowBootMenu     <integer> = 0x0000000000000002 (2)
00:00:00.376   VRamSize         <integer> = 0x0000000000800000 (8 388 608, 8 MB)
00:00:00.376 
00:00:00.376 [/Devices/vga/0/LUN#0/] (level 4)
00:00:00.376   Driver <string>  = "MainDisplay" (cb=12)
00:00:00.376 
00:00:00.376 [/Devices/vga/0/LUN#0/Config/] (level 5)
00:00:00.376   Object <integer> = 0x00007fd23c003800 (140 540 926 507 008)
00:00:00.376 
00:00:00.376 [/Devices/virtio-net/] (level 2)
00:00:00.376 
00:00:00.376 [/HWVirtExt/] (level 1)
00:00:00.376   EnableLargePages   <integer> = 0x0000000000000000 (0)
00:00:00.376   EnableNestedPaging <integer> = 0x0000000000000001 (1)
00:00:00.376   EnableVPID         <integer> = 0x0000000000000001 (1)
00:00:00.376   Enabled            <integer> = 0x0000000000000001 (1)
00:00:00.376   Exclusive          <integer> = 0x0000000000000001 (1)
00:00:00.376 
00:00:00.376 [/MM/] (level 1)
00:00:00.376   CanUseLargerHeap <integer> = 0x0000000000000000 (0)
00:00:00.376 
00:00:00.376 [/PDM/] (level 1)
00:00:00.376 
00:00:00.376 [/PDM/AsyncCompletion/] (level 2)
00:00:00.376 
00:00:00.376 [/PDM/AsyncCompletion/File/] (level 3)
00:00:00.376 
00:00:00.376 [/PDM/AsyncCompletion/File/BwGroups/] (level 4)
00:00:00.376 
00:00:00.376 [/PDM/BlkCache/] (level 2)
00:00:00.376   CacheSize <integer> = 0x0000000000500000 (5 242 880, 5 MB)
00:00:00.376 
00:00:00.376 [/PDM/Devices/] (level 2)
00:00:00.376 
00:00:00.376 [/PDM/Drivers/] (level 2)
00:00:00.376 
00:00:00.376 [/PDM/Drivers/VBoxC/] (level 3)
00:00:00.376   Path <string>  = "/usr/lib/virtualbox/components/VBoxC" (cb=37)
00:00:00.376 
00:00:00.376 [/TM/] (level 1)
00:00:00.376   UTCOffset <integer> = 0x0000000000000000 (0)
00:00:00.376 
00:00:00.376 ********************* End of CFGM dump **********************
00:00:00.376 MM: cbHyperHeap=0x140000 (1310720)
00:00:00.377 CPUMSetGuestCpuIdFeature: Enabled PAE
00:00:00.378 Logical host processors: 2 present, 2 max, 2 online, online mask: 0000000000000003
00:00:00.378 ************************* CPUID dump ************************
00:00:00.378          RAW Standard CPUIDs
00:00:00.378      Function  eax      ebx      ecx      edx
00:00:00.378 Gst: 00000000  00000005 756e6547 6c65746e 49656e69
00:00:00.378 Hst:           0000000d 756e6547 6c65746e 49656e69
00:00:00.378 Gst: 00000001  0001067a 00000800 00000209 078bf1ff
00:00:00.378 Hst:           0001067a 01020800 0c08e3fd bfebfbff
00:00:00.378 Gst: 00000002  05b0b101 005657f0 00000000 2cb4304e
00:00:00.378 Hst:           05b0b101 005657f0 00000000 2cb4304e
00:00:00.378 Gst: 00000003  00000000 00000000 00000000 00000000
00:00:00.378 Hst:           00000000 00000000 00000000 00000000
00:00:00.378 Gst: 00000004  00000000 00000000 00000000 00000000
00:00:00.378 Hst:           04000121 01c0003f 0000003f 00000001
00:00:00.378 Gst: 00000005  00000040 00000040 00000000 00000000
00:00:00.378 Hst:           00000040 00000040 00000003 00022220
00:00:00.378 Name:                            GenuineIntel
00:00:00.378 Supports:                        0-5
00:00:00.378 Family:                          6  	Extended: 0 	Effective: 6
00:00:00.378 Model:                           7  	Extended: 1 	Effective: 23
00:00:00.378 Stepping:                        10
00:00:00.378 Type:                            0 (primary)
00:00:00.378 APIC ID:                         0x00
00:00:00.378 Logical CPUs:                    0
00:00:00.378 CLFLUSH Size:                    8
00:00:00.378 Brand ID:                        0x00
00:00:00.378 Mnemonic - Description                 = guest (host)
00:00:00.378 FPU - x87 FPU on Chip                  = 1 (1)
00:00:00.378 VME - Virtual 8086 Mode Enhancements   = 1 (1)
00:00:00.378 DE - Debugging extensions              = 1 (1)
00:00:00.378 PSE - Page Size Extension              = 1 (1)
00:00:00.378 TSC - Time Stamp Counter               = 1 (1)
00:00:00.378 MSR - Model Specific Registers         = 1 (1)
00:00:00.378 PAE - Physical Address Extension       = 1 (1)
00:00:00.378 MCE - Machine Check Exception          = 1 (1)
00:00:00.378 CX8 - CMPXCHG8B instruction            = 1 (1)
00:00:00.378 APIC - APIC On-Chip                    = 0 (1)
00:00:00.378 10 - Reserved                          = 0 (0)
00:00:00.378 SEP - SYSENTER and SYSEXIT             = 0 (1)
00:00:00.378 MTRR - Memory Type Range Registers     = 1 (1)
00:00:00.378 PGE - PTE Global Bit                   = 1 (1)
00:00:00.378 MCA - Machine Check Architecture       = 1 (1)
00:00:00.378 CMOV - Conditional Move Instructions   = 1 (1)
00:00:00.378 PAT - Page Attribute Table             = 1 (1)
00:00:00.378 PSE-36 - 36-bit Page Size Extention    = 1 (1)
00:00:00.378 PSN - Processor Serial Number          = 0 (0)
00:00:00.378 CLFSH - CLFLUSH Instruction.           = 1 (1)
00:00:00.378 20 - Reserved                          = 0 (0)
00:00:00.378 DS - Debug Store                       = 0 (1)
00:00:00.378 ACPI - Thermal Mon. & Soft. Clock Ctrl.= 0 (1)
00:00:00.378 MMX - Intel MMX Technology             = 1 (1)
00:00:00.378 FXSR - FXSAVE and FXRSTOR Instructions = 1 (1)
00:00:00.378 SSE - SSE Support                      = 1 (1)
00:00:00.378 SSE2 - SSE2 Support                    = 1 (1)
00:00:00.378 SS - Self Snoop                        = 0 (1)
00:00:00.378 HTT - Hyper-Threading Technology       = 0 (1)
00:00:00.378 TM - Thermal Monitor                   = 0 (1)
00:00:00.378 30 - Reserved                          = 0 (0)
00:00:00.378 PBE - Pending Break Enable             = 0 (1)
00:00:00.378 Supports SSE3                          = 1 (1)
00:00:00.378 PCLMULQDQ                              = 0 (0)
00:00:00.378 DS Area 64-bit layout                  = 0 (1)
00:00:00.378 Supports MONITOR/MWAIT                 = 1 (1)
00:00:00.378 CPL-DS - CPL Qualified Debug Store     = 0 (1)
00:00:00.378 VMX - Virtual Machine Technology       = 0 (1)
00:00:00.378 SMX - Safer Mode Extensions            = 0 (1)
00:00:00.378 Enhanced SpeedStep Technology          = 0 (1)
00:00:00.378 Terminal Monitor 2                     = 0 (1)
00:00:00.378 Supplemental SSE3 instructions         = 1 (1)
00:00:00.378 L1 Context ID                          = 0 (0)
00:00:00.378 11 - Reserved                          = 0 (0)
00:00:00.378 FMA extensions using YMM state         = 0 (0)
00:00:00.378 CMPXCHG16B instruction                 = 0 (1)
00:00:00.378 xTPR Update Control                    = 0 (1)
00:00:00.378 Perf/Debug Capability MSR              = 0 (1)
00:00:00.378 16 - Reserved                          = 0 (0)
00:00:00.378 PCID - Process-context identifiers     = 0 (0)
00:00:00.378 DCA - Direct Cache Access              = 0 (0)
00:00:00.378 SSE4.1 instruction extensions          = 0 (1)
00:00:00.378 SSE4.2 instruction extensions          = 0 (0)
00:00:00.378 Supports the x2APIC extensions         = 0 (0)
00:00:00.378 MOVBE instruction                      = 0 (0)
00:00:00.378 POPCNT instruction                     = 0 (0)
00:00:00.378 TSC-Deadline LAPIC timer mode          = 0 (0)
00:00:00.378 AESNI instruction extensions           = 0 (0)
00:00:00.378 XSAVE/XRSTOR extended state feature    = 0 (1)
00:00:00.378 Supports OSXSAVE                       = 0 (1)
00:00:00.378 AVX instruction extensions             = 0 (0)
00:00:00.378 29/30 - Reserved                       = 0x0 (0x0)
00:00:00.378 Hypervisor Present (we're a guest)     = 0 (0)
00:00:00.378 
00:00:00.378          RAW Extended CPUIDs
00:00:00.378      Function  eax      ebx      ecx      edx
00:00:00.378 Gst: 80000000  80000008 00000000 00000000 00000000
00:00:00.378 Hst:           80000008 00000000 00000000 00000000
00:00:00.378 Gst: 80000001  00000000 00000000 00000000 00000000
00:00:00.378 Hst:           00000000 00000000 00000001 20100800
00:00:00.378 Gst: 80000002  65746e49 2952286c 726f4320 4d542865
00:00:00.378 Hst:           65746e49 2952286c 726f4320 4d542865
00:00:00.378 Gst: 80000003  44203229 43206f75 20205550 45202020
00:00:00.378 Hst:           44203229 43206f75 20205550 45202020
00:00:00.378 Gst: 80000004  30303538 20402020 36312e33 007a4847
00:00:00.378 Hst:           30303538 20402020 36312e33 007a4847
00:00:00.378 Gst: 80000005  00000000 00000000 00000000 00000000
00:00:00.378 Hst:           00000000 00000000 00000000 00000000
00:00:00.378 Gst: 80000006  00000000 00000000 18008040 00000000
00:00:00.378 Hst:           00000000 00000000 18008040 00000000
00:00:00.378 Gst: 80000007  00000000 00000000 00000000 00000000
00:00:00.378 Hst:           00000000 00000000 00000000 00000000
00:00:00.378 Gst: 80000008  00003024 00000000 00000000 00000000
00:00:00.378 Hst:           00003024 00000000 00000000 00000000
00:00:00.378 Gst: 80000009  00000000 00000000 00000000 00000000*
00:00:00.378 Hst:           00000000 00000000 00000000 00000000
00:00:00.378 Ext Name:                        
00:00:00.378 Ext Supports:                    0x80000000-0x80000008
00:00:00.378 Family:                          0  	Extended: 0 	Effective: 0
00:00:00.378 Model:                           0  	Extended: 0 	Effective: 0
00:00:00.378 Stepping:                        0
00:00:00.378 Brand ID:                        0x000
00:00:00.378 Mnemonic - Description                 = guest (host)
00:00:00.378 FPU - x87 FPU on Chip                  = 0 (0)
00:00:00.378 VME - Virtual 8086 Mode Enhancements   = 0 (0)
00:00:00.378 DE - Debugging extensions              = 0 (0)
00:00:00.378 PSE - Page Size Extension              = 0 (0)
00:00:00.378 TSC - Time Stamp Counter               = 0 (0)
00:00:00.378 MSR - K86 Model Specific Registers     = 0 (0)
00:00:00.378 PAE - Physical Address Extension       = 0 (0)
00:00:00.378 MCE - Machine Check Exception          = 0 (0)
00:00:00.378 CX8 - CMPXCHG8B instruction            = 0 (0)
00:00:00.378 APIC - APIC On-Chip                    = 0 (0)
00:00:00.378 10 - Reserved                          = 0 (0)
00:00:00.378 SEP - SYSCALL and SYSRET               = 0 (1)
00:00:00.378 MTRR - Memory Type Range Registers     = 0 (0)
00:00:00.378 PGE - PTE Global Bit                   = 0 (0)
00:00:00.378 MCA - Machine Check Architecture       = 0 (0)
00:00:00.378 CMOV - Conditional Move Instructions   = 0 (0)
00:00:00.378 PAT - Page Attribute Table             = 0 (0)
00:00:00.378 PSE-36 - 36-bit Page Size Extention    = 0 (0)
00:00:00.378 18 - Reserved                          = 0 (0)
00:00:00.378 19 - Reserved                          = 0 (0)
00:00:00.378 NX - No-Execute Page Protection        = 0 (1)
00:00:00.378 DS - Debug Store                       = 0 (0)
00:00:00.378 AXMMX - AMD Extensions to MMX Instr.   = 0 (0)
00:00:00.378 MMX - Intel MMX Technology             = 0 (0)
00:00:00.378 FXSR - FXSAVE and FXRSTOR Instructions = 0 (0)
00:00:00.378 25 - AMD fast FXSAVE and FXRSTOR Instr.= 0 (0)
00:00:00.378 26 - 1 GB large page support           = 0 (0)
00:00:00.378 27 - RDTSCP instruction                = 0 (0)
00:00:00.378 28 - Reserved                          = 0 (0)
00:00:00.378 29 - AMD Long Mode                     = 0 (1)
00:00:00.378 30 - AMD Extensions to 3DNow           = 0 (0)
00:00:00.378 31 - AMD 3DNow                         = 0 (0)
00:00:00.378 LahfSahf - LAHF/SAHF in 64-bit mode    = 0 (1)
00:00:00.378 CmpLegacy - Core MP legacy mode (depr) = 0 (0)
00:00:00.378 SVM - AMD VM Extensions                = 0 (0)
00:00:00.378 APIC registers starting at 0x400       = 0 (0)
00:00:00.378 AltMovCR8 - LOCK MOV CR0 means MOV CR8 = 0 (0)
00:00:00.378 Advanced bit manipulation              = 0 (0)
00:00:00.378 SSE4A instruction support              = 0 (0)
00:00:00.378 Misaligned SSE mode                    = 0 (0)
00:00:00.378 PREFETCH and PREFETCHW instruction     = 0 (0)
00:00:00.378 OS visible workaround                  = 0 (0)
00:00:00.378 Instruction based sampling             = 0 (0)
00:00:00.378 SSE5 support                           = 0 (0)
00:00:00.378 SKINIT, STGI, and DEV support          = 0 (0)
00:00:00.378 Watchdog timer support.                = 0 (0)
00:00:00.378 31:14 - Reserved                       = 0x0 (0x0)
00:00:00.378 Full Name:                       Intel(R) Core(TM)2 Duo CPU     E8500  @ 3.16GHz
00:00:00.378 TLB 2/4M Instr/Uni:              res0     0 entries
00:00:00.378 TLB 2/4M Data:                   res0     0 entries
00:00:00.378 TLB 4K Instr/Uni:                res0     0 entries
00:00:00.378 TLB 4K Data:                     res0     0 entries
00:00:00.378 L1 Instr Cache Line Size:        0 bytes
00:00:00.378 L1 Instr Cache Lines Per Tag:    0
00:00:00.378 L1 Instr Cache Associativity:    res0  
00:00:00.378 L1 Instr Cache Size:             0 KB
00:00:00.378 L1 Data Cache Line Size:         0 bytes
00:00:00.378 L1 Data Cache Lines Per Tag:     0
00:00:00.378 L1 Data Cache Associativity:     res0  
00:00:00.378 L1 Data Cache Size:              0 KB
00:00:00.378 L2 TLB 2/4M Instr/Uni:           off       0 entries
00:00:00.378 L2 TLB 2/4M Data:                off       0 entries
00:00:00.378 L2 TLB 4K Instr/Uni:             off       0 entries
00:00:00.378 L2 TLB 4K Data:                  off       0 entries
00:00:00.378 L2 Cache Line Size:              0 bytes
00:00:00.378 L2 Cache Lines Per Tag:          0
00:00:00.378 L2 Cache Associativity:          off   
00:00:00.378 L2 Cache Size:                   0 KB
00:00:00.378 APM Features:                   
00:00:00.378 Physical Address Width:          36 bits
00:00:00.378 Virtual Address Width:           48 bits
00:00:00.378 Guest Physical Address Width:    0 bits
00:00:00.378 Physical Core Count:             0
00:00:00.378 
00:00:00.378          RAW Centaur CPUIDs
00:00:00.378      Function  eax      ebx      ecx      edx
00:00:00.378 Gst: c0000000  00000000 00000000 00000000 00000000
00:00:00.378 Hst:           00000000 00000000 00000000 00000000
00:00:00.378 Gst: c0000001  00000000 00000000 00000000 00000000*
00:00:00.378 Hst:           00000000 00000000 00000000 00000000
00:00:00.378 Gst: c0000002  00000000 00000000 00000000 00000000*
00:00:00.378 Hst:           00000000 00000000 00000000 00000000
00:00:00.378 Gst: c0000003  00000000 00000000 00000000 00000000*
00:00:00.378 Hst:           00000000 00000000 00000000 00000000
00:00:00.378 Centaur Supports:                0xc0000000-0x00000000
00:00:00.378 
00:00:00.378 ******************** End of CPUID dump **********************
00:00:00.378 Debug: HCPhysInterPD=00000000393d7000 HCPhysInterPaePDPT=0000000039296000 HCPhysInterPaePML4=000000002c854000
00:00:00.378 Debug: apInterPTs={000000003930e000,000000003930f000} apInterPaePTs={000000002ea91000,000000003936e000} apInterPaePDs={000000003936f000,000000003933c000,000000003933d000,000000003933a000} pInterPaePDPT64=0000000039297000
00:00:00.378 Host paging mode: AMD64+PGE+NX
00:00:00.378 PGMPool: cMaxPages=160 (u64MaxPages=160)
00:00:00.378 pgmR3PoolInit: cMaxPages=0xa0 cMaxUsers=0x140 cMaxPhysExts=0x140 fCacheEnable=true 
00:00:00.381 TM: GIP - u32Mode=1 (SyncTSC) u32UpdateHz=99
00:00:00.413 TM: cTSCTicksPerSecond=0xba6501ed (3 127 181 805) fTSCVirtualized=true  fTSCUseRealTSC=false
00:00:00.413 TM: fMaybeUseOffsettedHostTSC=true  TSCTiedToExecution=false TSCNotTiedToHalt=false
00:00:00.413 CoreCode: R3=00007fd2404a3000 R0=ffffc9001109b000 RC=a0285000 Phys=00000000b8036000 cb=0x2000
00:00:00.418 AIOMgr: Default manager type is "Async"
00:00:00.418 AIOMgr: Default file backend is "NonBuffered"
00:00:00.418 BlkCache: Cache successfully initialised. Cache size is 5242880 bytes
00:00:00.418 BlkCache: Cache commit interval is 10000 ms
00:00:00.418 BlkCache: Cache commit threshold is 2621440 bytes
00:00:00.420 [SMP] BIOS with 1 CPUs
00:00:00.433 SUP: Loaded VBoxDDR0.r0 (/usr/lib/virtualbox/VBoxDDR0.r0) at 0xffffffffa05f82a0 - ModuleInit at 0000000000000000 and ModuleTerm at 0000000000000000
00:00:00.437 SUP: Loaded VBoxDD2R0.r0 (/usr/lib/virtualbox/VBoxDD2R0.r0) at 0xffffffffa0610ec0 - ModuleInit at 0000000000000000 and ModuleTerm at 0000000000000000
00:00:00.437 Activating Local APIC
00:00:00.438 CPUMSetGuestCpuIdFeature: Enabled APIC
00:00:00.438 CPUMSetGuestCpuIdFeature: Disabled x2APIC
00:00:00.438 PIT: mode=3 count=0x10000 (65536) - 18.20 Hz (ch=0)
00:00:00.440 Shared Folders service loaded.
00:00:00.444 DrvBlock: Flushes will be ignored
00:00:00.444 DrvBlock: Async flushes will be passed to the disk
00:00:00.444 VDInit finished
00:00:00.444 PIIX3 ATA: LUN#0: disk, PCHS=4161/16/63, total number of sectors 4194304
00:00:00.444 DrvBlock: Flushes will be ignored
00:00:00.444 DrvBlock: Async flushes will be passed to the disk
00:00:00.444 PIIX3 ATA: LUN#1: disk, PCHS=520/16/63, total number of sectors 524288
00:00:00.444 DrvBlock: Flushes will be ignored
00:00:00.444 DrvBlock: Async flushes will be passed to the disk
00:00:00.445 PIIX3 ATA: LUN#2: disk, PCHS=260/16/63, total number of sectors 262144
00:00:00.445 PIIX3 ATA: LUN#3: no unit
00:00:00.445 PIIX3 ATA: Ctl#0: finished processing RESET
00:00:00.445 PIIX3 ATA: Ctl#1: finished processing RESET
00:00:00.453 NAT: value of BindIP has been ignored
00:00:00.453 DevPcBios: ATA LUN#0 LCHS=520/128/63
00:00:00.453 DevPcBios: ATA LUN#1 LCHS=520/16/63
00:00:00.453 DevPcBios: ATA LUN#2 LCHS=260/16/63
00:00:00.454 PGM: The CPU physical address width is 36 bits
00:00:00.454 PGMR3InitFinalize: 4 MB PSE mask 0000000fffffffff
00:00:00.467 VMM: fUsePeriodicPreemptionTimers=true 
00:00:00.467 HWACCM: Host CR4=000406E0
00:00:00.467 HWACCM: MSR_IA32_FEATURE_CONTROL      = d
00:00:00.467 HWACCM: MSR_IA32_VMX_BASIC_INFO       = 5a08000000000d
00:00:00.467 HWACCM: VMCS id                       = d
00:00:00.467 HWACCM: VMCS size                     = 800
00:00:00.467 HWACCM: VMCS physical address limit   = None
00:00:00.467 HWACCM: VMCS memory type              = 6
00:00:00.467 HWACCM: Dual monitor treatment        = 1
00:00:00.467 HWACCM: MSR_IA32_VMX_PINBASED_CTLS    = 3f00000016
00:00:00.467 HWACCM:    VMX_VMCS_CTRL_PIN_EXEC_CONTROLS_EXT_INT_EXIT
00:00:00.467 HWACCM:    VMX_VMCS_CTRL_PIN_EXEC_CONTROLS_NMI_EXIT
00:00:00.467 HWACCM:    VMX_VMCS_CTRL_PIN_EXEC_CONTROLS_VIRTUAL_NMI
00:00:00.467 HWACCM: MSR_IA32_VMX_PROCBASED_CTLS   = f7f9fffe0401e172
00:00:00.467 HWACCM:    VMX_VMCS_CTRL_PROC_EXEC_CONTROLS_IRQ_WINDOW_EXIT
00:00:00.467 HWACCM:    VMX_VMCS_CTRL_PROC_EXEC_CONTROLS_TSC_OFFSET
00:00:00.467 HWACCM:    VMX_VMCS_CTRL_PROC_EXEC_CONTROLS_HLT_EXIT
00:00:00.467 HWACCM:    VMX_VMCS_CTRL_PROC_EXEC_CONTROLS_INVLPG_EXIT
00:00:00.467 HWACCM:    VMX_VMCS_CTRL_PROC_EXEC_CONTROLS_MWAIT_EXIT
00:00:00.467 HWACCM:    VMX_VMCS_CTRL_PROC_EXEC_CONTROLS_RDPMC_EXIT
00:00:00.467 HWACCM:    VMX_VMCS_CTRL_PROC_EXEC_CONTROLS_RDTSC_EXIT
00:00:00.467 HWACCM:    VMX_VMCS_CTRL_PROC_EXEC_CONTROLS_CR3_LOAD_EXIT
00:00:00.467 HWACCM:    VMX_VMCS_CTRL_PROC_EXEC_CONTROLS_CR3_STORE_EXIT
00:00:00.467 HWACCM:    VMX_VMCS_CTRL_PROC_EXEC_CONTROLS_CR8_LOAD_EXIT
00:00:00.467 HWACCM:    VMX_VMCS_CTRL_PROC_EXEC_CONTROLS_CR8_STORE_EXIT
00:00:00.467 HWACCM:    VMX_VMCS_CTRL_PROC_EXEC_CONTROLS_USE_TPR_SHADOW
00:00:00.467 HWACCM:    VMX_VMCS_CTRL_PROC_EXEC_CONTROLS_NMI_WINDOW_EXIT
00:00:00.467 HWACCM:    VMX_VMCS_CTRL_PROC_EXEC_CONTROLS_MOV_DR_EXIT
00:00:00.467 HWACCM:    VMX_VMCS_CTRL_PROC_EXEC_CONTROLS_UNCOND_IO_EXIT
00:00:00.467 HWACCM:    VMX_VMCS_CTRL_PROC_EXEC_CONTROLS_USE_IO_BITMAPS
00:00:00.467 HWACCM:    VMX_VMCS_CTRL_PROC_EXEC_CONTROLS_USE_MSR_BITMAPS
00:00:00.467 HWACCM:    VMX_VMCS_CTRL_PROC_EXEC_CONTROLS_MONITOR_EXIT
00:00:00.467 HWACCM:    VMX_VMCS_CTRL_PROC_EXEC_CONTROLS_PAUSE_EXIT
00:00:00.467 HWACCM:    VMX_VMCS_CTRL_PROC_EXEC_USE_SECONDARY_EXEC_CTRL
00:00:00.467 HWACCM:    VMX_VMCS_CTRL_PROC_EXEC_CONTROLS_CR3_LOAD_EXIT *must* be set
00:00:00.467 HWACCM:    VMX_VMCS_CTRL_PROC_EXEC_CONTROLS_CR3_STORE_EXIT *must* be set
00:00:00.467 HWACCM: MSR_IA32_VMX_PROCBASED_CTLS2  = 4100000000
00:00:00.467 HWACCM:    VMX_VMCS_CTRL_PROC_EXEC2_VIRT_APIC
00:00:00.467 HWACCM:    VMX_VMCS_CTRL_PROC_EXEC2_WBINVD_EXIT
00:00:00.467 HWACCM: MSR_IA32_VMX_ENTRY_CTLS       = 3fff000011ff
00:00:00.467 HWACCM:    VMX_VMCS_CTRL_ENTRY_CONTROLS_LOAD_DEBUG
00:00:00.467 HWACCM:    VMX_VMCS_CTRL_ENTRY_CONTROLS_IA64_MODE
00:00:00.467 HWACCM:    VMX_VMCS_CTRL_ENTRY_CONTROLS_ENTRY_SMM
00:00:00.467 HWACCM:    VMX_VMCS_CTRL_ENTRY_CONTROLS_DEACTIVATE_DUALMON
00:00:00.467 HWACCM:    VMX_VMCS_CTRL_ENTRY_CONTROLS_LOAD_GUEST_PERF_MSR
00:00:00.467 HWACCM:    VMX_VMCS_CTRL_ENTRY_CONTROLS_LOAD_DEBUG *must* be set
00:00:00.467 HWACCM: MSR_IA32_VMX_EXIT_CTLS        = 3ffff00036dff
00:00:00.467 HWACCM:    VMX_VMCS_CTRL_EXIT_CONTROLS_SAVE_DEBUG
00:00:00.467 HWACCM:    VMX_VMCS_CTRL_EXIT_CONTROLS_HOST_AMD64
00:00:00.467 HWACCM:    VMX_VMCS_CTRL_EXIT_CONTROLS_ACK_EXTERNAL_IRQ
00:00:00.467 HWACCM:    VMX_VMCS_CTRL_EXIT_CONTROLS_SAVE_DEBUG *must* be set
00:00:00.467 HWACCM: MSR_IA32_VMX_MISC             = 403c0
00:00:00.467 HWACCM:    MSR_IA32_VMX_MISC_PREEMPT_TSC_BIT 0
00:00:00.467 HWACCM:    MSR_IA32_VMX_MISC_ACTIVITY_STATES 7
00:00:00.467 HWACCM:    MSR_IA32_VMX_MISC_CR3_TARGET      4
00:00:00.467 HWACCM:    MSR_IA32_VMX_MISC_MAX_MSR         200
00:00:00.467 HWACCM:    MSR_IA32_VMX_MISC_MSEG_ID         0
00:00:00.467 HWACCM: MSR_IA32_VMX_CR0_FIXED0       = 80000021
00:00:00.467 HWACCM: MSR_IA32_VMX_CR0_FIXED1       = ffffffff
00:00:00.467 HWACCM: MSR_IA32_VMX_CR4_FIXED0       = 2000
00:00:00.467 HWACCM: MSR_IA32_VMX_CR4_FIXED1       = 467ff
00:00:00.467 HWACCM: MSR_IA32_VMX_VMCS_ENUM        = 2c
00:00:00.467 HWACCM: TPR shadow physaddr           = 0000000002bd8000
00:00:00.467 HWACCM: VCPU0: MSR bitmap physaddr      = 0000000002bdb000
00:00:00.467 HWACCM: VCPU0: VMCS physaddr            = 0000000002bd9000
00:00:00.467 HWACCM: Real Mode TSS guest physaddr  = 00000000f0800000
00:00:00.467 HWACCM: Non-Paging Mode EPT CR3       = 00000000f0803000
00:00:00.467 CPUMSetGuestCpuIdFeature: Enabled sysenter/exit
00:00:00.467 CPUMSetGuestCpuIdFeature: Enabled PAE
00:00:00.467 CPUMSetGuestCpuIdFeature: Enabled LONG MODE
00:00:00.467 CPUMSetGuestCpuIdFeature: Enabled syscall/ret
00:00:00.467 CPUMSetGuestCpuIdFeature: Enabled LAHF/SAHF
00:00:00.467 CPUMSetGuestCpuIdFeature: Enabled NXE
00:00:00.467 HWACCM: 32-bit and 64-bit guests supported.
00:00:00.467 HWACCM: VMX enabled!
00:00:00.467 HWACCM: TPR Patching disabled.
00:00:00.467 HWACCM:    VT-x/AMD-V init method: GLOBAL
00:00:00.480 VM: Halt method global1 (5)
00:00:00.480 HaltedGlobal1 config: cNsSpinBlockThresholdCfg=2000
00:00:00.480 Changing the VM state from 'CREATING' to 'CREATED'.
00:00:00.481 SharedFolders host service: adding host mapping
00:00:00.481     Host path '/afs/inf.ed.ac.uk/user/s10/s1006260/OperatingSystems/shared', map name 'shared', writable, automount=false, create_symlinks=false
00:00:00.481 Changing the VM state from 'CREATED' to 'POWERING_ON'.
00:00:00.481 Changing the VM state from 'POWERING_ON' to 'RUNNING'.
00:00:00.486 ERROR [COM]: aRC=VBOX_E_IPRT_ERROR (0x80bb0005) aIID={09eed313-cd56-4d06-bd56-fac0f716b5dd} aComponent={Display} aText={Could not take a screenshot (VERR_NOT_SUPPORTED)}, preserve=false
00:00:00.486 Guest Log: BIOS: VirtualBox 4.1.18
00:00:00.487 PIT: mode=2 count=0x10000 (65536) - 18.20 Hz (ch=0)
00:00:00.492 PIIX3 ATA: Ctl#0: RESET, DevSel=0 AIOIf=0 CmdIf0=0x00 (-1 usec ago) CmdIf1=0x00 (-1 usec ago)
00:00:00.492 PIIX3 ATA: Ctl#0: finished processing RESET
00:00:00.492 Guest Log: BIOS: ata0-0: PCHS=4161/16/63 LCHS=520/128/63
00:00:00.492 PIIX3 ATA: Ctl#0: RESET, DevSel=1 AIOIf=0 CmdIf0=0xec (-1 usec ago) CmdIf1=0x00 (-1 usec ago)
00:00:00.492 PIIX3 ATA: Ctl#0: finished processing RESET
00:00:00.492 Guest Log: BIOS: ata0-1: PCHS=520/16/63 LCHS=520/16/63
00:00:00.493 PIIX3 ATA: Ctl#1: RESET, DevSel=0 AIOIf=0 CmdIf0=0x00 (-1 usec ago) CmdIf1=0x00 (-1 usec ago)
00:00:00.493 PIIX3 ATA: Ctl#1: finished processing RESET
00:00:00.493 Guest Log: BIOS: ata1-0: PCHS=260/16/63 LCHS=260/16/63
00:00:00.493 PIT: mode=2 count=0x48d3 (18643) - 64.00 Hz (ch=0)
00:00:00.500 ERROR [COM]: aRC=VBOX_E_IPRT_ERROR (0x80bb0005) aIID={09eed313-cd56-4d06-bd56-fac0f716b5dd} aComponent={Display} aText={Could not take a screenshot (VERR_NOT_SUPPORTED)}, preserve=false
00:00:00.504 Display::handleDisplayResize(): uScreenId = 0, pvVRAM=00007fd2171f8000 w=640 h=480 bpp=32 cbLine=0xA00, flags=0x1
00:00:00.683 2D video acceleration is disabled.
00:00:02.973 Display::handleDisplayResize(): uScreenId = 0, pvVRAM=0000000000000000 w=720 h=400 bpp=0 cbLine=0x0, flags=0x1
00:00:02.977 PIT: mode=2 count=0x10000 (65536) - 18.20 Hz (ch=0)
00:00:02.977 Guest Log: BIOS: Booting from Hard Disk...
00:00:02.979 PIIX3 ATA: Ctl#0: RESET, DevSel=0 AIOIf=0 CmdIf0=0xc4 (-1 usec ago) CmdIf1=0xec (-1 usec ago)
00:00:02.979 PIIX3 ATA: Ctl#0: finished processing RESET
00:00:03.065 Guest Log: BIOS: KBD: unsupported int 16h function 03
00:00:03.249 PIT: mode=2 count=0x4a9 (1193) - 1000.15 Hz (ch=0)
00:00:03.435 PIT: mode=2 count=0x4a9 (1193) - 1000.15 Hz (ch=0)
00:00:06.603 PIIX3 ATA: Ctl#0: RESET, DevSel=0 AIOIf=1 CmdIf0=0xc4 (-1 usec ago) CmdIf1=0xc4 (-1 usec ago)
00:00:06.603 PIIX3 ATA: Ctl#0: finished processing RESET
00:00:06.761 PIIX3 ATA: Ctl#1: RESET, DevSel=0 AIOIf=0 CmdIf0=0xc4 (-1 usec ago) CmdIf1=0x00 (-1 usec ago)
00:00:06.761 PIIX3 ATA: Ctl#1: finished processing RESET
00:00:17.886 Guest Log: Starting VirtualBox version 3.0.4 Guest Additions
00:00:17.886 Guest Additions information report: Interface = 0x00010004 osType = 0x00053000
00:00:17.887 Guest Additions capability report: (0x0) seamless: no, hostWindowMapping: no, graphics: no
00:00:17.887 Guest reported fixed hypervisor window at 0x00000000d1000000 (size = 0x800000, rc = VINF_SUCCESS)
00:00:17.887 Guest Log: VirtualBox device settings: major 0, IRQ 9, I/O port 0xd040, MMIO at 0xf0400000 (size 0x400000), hypervisor window at 0xd0d80000 (size 0xc00000)
00:00:23.485 PIIX3 ATA: LUN#0: disk read error (rc=VERR_EOF iSector=0x124d7 cSectors=0x8)
00:00:25.356 PCNet#0: Init: ss32=1 GCRDRA=0x0ee7a000[32] GCTDRA=0x0ef0b000[16]
00:00:25.359 NAT: IPv6 not supported
00:00:25.553 NAT: DHCP offered IP address 10.0.2.15
00:11:21.707 Changing the VM state from 'RUNNING' to 'SUSPENDING'.
00:11:24.712 PDMR3Suspend: Driver 'VD'/0 on LUN#0 of device 'piix3ide'/0 took 3 004 185 513 ns to suspend
00:11:24.804 PDMR3Suspend: 3 096 650 986 ns run time
00:11:24.804 Changing the VM state from 'SUSPENDING' to 'SUSPENDED'.
00:11:26.047 Console::powerDown(): A request to power off the VM has been issued (mMachineState=Stopping, InUninit=0)
00:11:26.048 Changing the VM state from 'SUSPENDED' to 'POWERING_OFF'.
00:11:26.048 ****************** Guest state at power off ******************
00:11:26.048 Guest CPUM (VCPU 0) state: 
00:11:26.048 eax=00000000 ebx=00000000 ecx=00000000 edx=00000000 esi=00000000 edi=c06e5008
00:11:26.048 eip=c0403241 esp=c06e5fc0 ebp=00000020 iopl=0         nv up ei pl nz na po nc
00:11:26.048 cs={0060 base=0000000000000000 limit=ffffffff flags=0000c09b} dr0=00000000 dr1=00000000
00:11:26.048 ds={007b base=0000000000000000 limit=ffffffff flags=0000c0f3} dr2=00000000 dr3=00000000
00:11:26.048 es={007b base=0000000000000000 limit=ffffffff flags=0000c0f3} dr4=00000000 dr5=00000000
00:11:26.048 fs={00d8 base=00000000c120b000 limit=0000000f flags=00000093} dr6=ffff0ff0 dr7=00000400
00:11:26.048 gs={0000 base=0000000000000000 limit=ffffffff flags=0001c000} cr0=8005003b cr2=b7c0e000
00:11:26.048 ss={0068 base=0000000000000000 limit=ffffffff flags=0000c093} cr3=0fdb2000 cr4=000006d0
00:11:26.048 gdtr=00000000c120a000:00ff  idtr=00000000c06d6000:07ff  eflags=00000246
00:11:26.048 ldtr={0000 base=00000000 limit=00000000 flags=00000082}
00:11:26.048 tr  ={0080 base=c1201180 limit=00002073 flags=0000008b}
00:11:26.048 SysEnter={cs=0060 eip=c0404d20 esp=c1203380}
00:11:26.048 FCW=037f FSW=0020 FTW=0000 FOP=077d MXCSR=00001f80 MXCSR_MASK=0000ffff
00:11:26.048 FPUIP=b7f79e46 CS=0073 Rsrvd1=0000  FPUDP=bfd72498 DS=007b Rsvrd2=0000
00:11:26.048 ST(0)=FPR0={0000'00000000'00000000} t0 +0.0000000000000000000000 ^ 0
00:11:26.048 ST(1)=FPR1={0000'00000000'00000000} t0 +0.0000000000000000000000 ^ 0
00:11:26.048 ST(2)=FPR2={0000'00000000'00000000} t0 +0.0000000000000000000000 ^ 0
00:11:26.048 ST(3)=FPR3={0000'00000000'00000000} t0 +0.0000000000000000000000 ^ 0
00:11:26.048 ST(4)=FPR4={0000'00000000'00000000} t0 +0.0000000000000000000000 ^ 0
00:11:26.048 ST(5)=FPR5={0000'00000000'00000000} t0 +0.0000000000000000000000 ^ 0
00:11:26.048 ST(6)=FPR6={0000'00000000'00000000} t0 +0.0000000000000000000000 ^ 0
00:11:26.048 ST(7)=FPR7={0000'00000000'00000000} t0 +0.0000000000000000000000 ^ 0
00:11:26.048 XMM0 =00000000'00000000'00000000'00000000  XMM1 =00000000'00000000'00000000'00000000
00:11:26.048 XMM2 =00000000'00000000'00000000'00000000  XMM3 =00000000'00000000'00000000'00000000
00:11:26.048 XMM4 =00000000'00000000'00000000'00000000  XMM5 =00000000'00000000'00000000'00000000
00:11:26.048 XMM6 =00000000'00000000'00000000'00000000  XMM7 =00000000'00000000'00000000'00000000
00:11:26.048 XMM8 =00000000'00000000'00000000'00000000  XMM9 =00000000'00000000'00000000'00000000
00:11:26.048 XMM10=00000000'00000000'00000000'00000000  XMM11=00000000'00000000'00000000'00000000
00:11:26.048 XMM12=00000000'00000000'00000000'00000000  XMM13=00000000'00000000'00000000'00000000
00:11:26.048 XMM14=00000000'00000000'00000000'00000000  XMM15=00000000'00000000'00000000'00000000
00:11:26.048 EFER         =0000000000000000
00:11:26.048 PAT          =0007040600070406
00:11:26.048 STAR         =0000000000000000
00:11:26.048 CSTAR        =0000000000000000
00:11:26.048 LSTAR        =0000000000000000
00:11:26.048 SFMASK       =0000000000000000
00:11:26.048 KERNELGSBASE =0000000000000000
00:11:26.048 ***
00:11:26.048 Guest paging mode:  32-bit, changed 1105 times, A20 enabled
00:11:26.048 Shadow paging mode: PAE
00:11:26.048 Host paging mode:   AMD64+G+NX
00:11:26.048 ***
00:11:26.048 Active Timers (pVM=00007fd241bc2000)
00:11:26.048 pTimerR3         offNext  offPrev  offSched Clock               Time             Expire HzHint State                     Description
00:11:26.048 00007fd240fe9090 00007570 00000000 00000000 Real            88727652           88723330      0 2-ACTIVE                  VGA Refresh Timer
00:11:26.048 00007fd240ff0600 ffffff80 ffff8a90 00000000 Real            88727652           88723334      0 2-ACTIVE                  EMT Yielder
00:11:26.048 00007fd240ff0580 00000000 00000080 00000000 Real            88727652           88724107      0 2-ACTIVE                  CPU Load Timer
00:11:26.048 00007fd240feda70 00000000 00000000 00000000 Virt        684323446725       681226809930      0 2-ACTIVE                  PCNet Poll Timer
00:11:26.048 00007fd240fd80d0 000010d0 00000000 00000000 VrSy        681226384323       681255045414      7 2-ACTIVE                  APIC Timer #0
00:11:26.048 00007fd240fd91a0 00016ab0 ffffef30 00000000 VrSy        681226384323       681990000000      0 2-ACTIVE                  MC146818 RTC/CMOS - Second
00:11:26.048 00007fd240fefc50 00000000 fffe9550 00000000 VrSy        681226384323      1199864031601      0 2-ACTIVE                  ACPI PM Timer
00:11:26.048 ***
00:11:26.048 Shadow GDT (GCAddr=ff688000):
00:11:26.048 ffd8 - 81180087 ff008940 - base=ff408118 limit=00000087 dpl=0 TSS32Avail Present 16-bit  HyperTSSTrap08
00:11:26.048 ffe0 - 80900087 ff008940 - base=ff408090 limit=00000087 dpl=0 TSS32Avail Present 16-bit  HyperTSS
00:11:26.048 ffe8 - 0000ffff 00af9b00 - base=00000000 limit=ffffffff dpl=0 CodeER Accessed Present Page 16-bit  HyperCS64
00:11:26.048 fff0 - 0000ffff 00cf9300 - base=00000000 limit=ffffffff dpl=0 DataRW Accessed Present Page 32-bit  HyperDS
00:11:26.048 fff8 - 0000ffff 00cf9b00 - base=00000000 limit=ffffffff dpl=0 CodeER Accessed Present Page 32-bit  HyperCS
00:11:26.048 ***
00:11:26.048 ************** End of Guest state at power off ***************
00:11:26.048 PDMR3PowerOff: 6 136 ns run time
00:11:26.048 Changing the VM state from 'POWERING_OFF' to 'OFF'.
00:11:26.049 Changing the VM state from 'OFF' to 'DESTROYING'.
00:11:26.049 ************************* Statistics *************************
00:11:26.049 /Devices/IDE0/ATA0/Unit0/AtapiDMA        0 times
00:11:26.049 /Devices/IDE0/ATA0/Unit0/AtapiPIO        0 times
00:11:26.050 /Devices/IDE0/ATA0/Unit0/DMA         1772 times
00:11:26.050 /Devices/IDE0/ATA0/Unit0/PIO          193 times
00:11:26.050 /Devices/IDE0/ATA0/Unit0/ReadBytes 32267264 bytes
00:11:26.050 /Devices/IDE0/ATA0/Unit0/WrittenBytes  2580480 bytes
00:11:26.050 /Devices/IDE0/ATA0/Unit1/AtapiDMA        0 times
00:11:26.050 /Devices/IDE0/ATA0/Unit1/AtapiPIO        0 times
00:11:26.050 /Devices/IDE0/ATA0/Unit1/DMA         7971 times
00:11:26.050 /Devices/IDE0/ATA0/Unit1/PIO            5 times
00:11:26.050 /Devices/IDE0/ATA0/Unit1/ReadBytes 16674816 bytes
00:11:26.050 /Devices/IDE0/ATA0/Unit1/WrittenBytes     2560 bytes
00:11:26.050 /Devices/IDE0/ATA1/Unit0/AtapiDMA        0 times
00:11:26.050 /Devices/IDE0/ATA1/Unit0/AtapiPIO        0 times
00:11:26.050 /Devices/IDE0/ATA1/Unit0/DMA          176 times
00:11:26.050 /Devices/IDE0/ATA1/Unit0/PIO            4 times
00:11:26.050 /Devices/IDE0/ATA1/Unit0/ReadBytes   496640 bytes
00:11:26.050 /Devices/IDE0/ATA1/Unit0/WrittenBytes        0 bytes
00:11:26.050 /Devices/IDE0/ATA1/Unit1/AtapiDMA        0 times
00:11:26.050 /Devices/IDE0/ATA1/Unit1/AtapiPIO        0 times
00:11:26.050 /Devices/IDE0/ATA1/Unit1/DMA            0 times
00:11:26.050 /Devices/IDE0/ATA1/Unit1/PIO            0 times
00:11:26.050 /Devices/IDE0/ATA1/Unit1/ReadBytes        0 bytes
00:11:26.050 /Devices/IDE0/ATA1/Unit1/WrittenBytes        0 bytes
00:11:26.050 /Devices/PCNet0/ReceiveBytes          815 bytes
00:11:26.050 /Devices/PCNet0/TransmitBytes         934 bytes
00:11:26.050 /Devices/VMMDev/BalloonChunks           0 count
00:11:26.050 /FT/Checkpoint/Network                  0 times
00:11:26.050 /FT/Checkpoint/Storage                  0 times
00:11:26.050 /FT/Received/Mem                        0 bytes
00:11:26.050 /FT/Received/State                      0 bytes
00:11:26.050 /FT/Sent/Mem                            0 bytes
00:11:26.050 /FT/Sent/State                          0 bytes
00:11:26.050 /FT/Sync/DeltaMem                       0 times
00:11:26.050 /FT/Sync/DeltaVM                        0 times
00:11:26.050 /FT/Sync/Full                           0 times
00:11:26.050 /GMM/VM/Allocated/cBasePages        13371 pages
00:11:26.050 /GMM/VM/Allocated/cFixedPages           0 pages
00:11:26.050 /GMM/VM/Allocated/cShadowPages          0 pages
00:11:26.050 /GMM/VM/Reserved/cBasePages         65694 pages
00:11:26.050 /GMM/VM/Reserved/cFixedPages         3204 pages
00:11:26.050 /GMM/VM/Reserved/cShadowPages           1 pages
00:11:26.050 /GMM/VM/cBalloonedPages                 0 pages
00:11:26.050 /GMM/VM/cMaxBalloonedPages              0 pages
00:11:26.050 /GMM/VM/cPrivatePages               13371 pages
00:11:26.050 /GMM/VM/cReqActuallyBalloonedPages        0 pages
00:11:26.050 /GMM/VM/cReqBalloonedPages              0 pages
00:11:26.050 /GMM/VM/cReqDeflatePages                0 pages
00:11:26.050 /GMM/VM/cShareableModules               0 count
00:11:26.050 /GMM/VM/cSharedPages                    0 pages
00:11:26.050 /GMM/VM/enmPolicy                       1 
00:11:26.050 /GMM/VM/enmPriority                     2 
00:11:26.050 /GMM/VM/fBallooningEnabled       false    
00:11:26.050 /GMM/VM/fMayAllocate             false    
00:11:26.050 /GMM/VM/fSharedPagingEnabled     false    
00:11:26.050 /GMM/cAllocatedPages                13371 pages
00:11:26.050 /GMM/cBalloonedPages                    0 pages
00:11:26.050 /GMM/cChunks                           27 count
00:11:26.050 /GMM/cDuplicatePages                    0 pages
00:11:26.050 /GMM/cFreedChunks                       0 count
00:11:26.050 /GMM/cLeftBehindSharedPages             0 pages
00:11:26.050 /GMM/cMaxPages                   4294967295 pages
00:11:26.050 /GMM/cOverCommittedPages                0 pages
00:11:26.050 /GMM/cReservedPages                 68899 pages
00:11:26.050 /GMM/cShareableModules                  0 count
00:11:26.050 /GMM/cSharedPages                       0 pages
00:11:26.050 /GVMM/EMTs                              1 calls
00:11:26.050 /GVMM/HostCPUs                          8 calls
00:11:26.050 /GVMM/HostCpus/0                        0 
00:11:26.050 /GVMM/HostCpus/0/CurTimerHz             0 Hz
00:11:26.050 /GVMM/HostCpus/0/DesiredHz              0 Hz
00:11:26.050 /GVMM/HostCpus/0/PPTChanges           331 times
00:11:26.050 /GVMM/HostCpus/0/PPTStarts            218 times
00:11:26.050 /GVMM/HostCpus/0/idxCpuSet              0 
00:11:26.050 /GVMM/HostCpus/1                        1 
00:11:26.050 /GVMM/HostCpus/1/CurTimerHz             0 Hz
00:11:26.050 /GVMM/HostCpus/1/DesiredHz              0 Hz
00:11:26.050 /GVMM/HostCpus/1/PPTChanges           345 times
00:11:26.050 /GVMM/HostCpus/1/PPTStarts            223 times
00:11:26.050 /GVMM/HostCpus/1/idxCpuSet              1 
00:11:26.050 /GVMM/HostCpus/2                        2 
00:11:26.050 /GVMM/HostCpus/2/CurTimerHz             0 Hz
00:11:26.050 /GVMM/HostCpus/2/DesiredHz              0 Hz
00:11:26.050 /GVMM/HostCpus/2/PPTChanges             0 times
00:11:26.050 /GVMM/HostCpus/2/PPTStarts              0 times
00:11:26.050 /GVMM/HostCpus/2/idxCpuSet              2 
00:11:26.050 /GVMM/HostCpus/3                        3 
00:11:26.050 /GVMM/HostCpus/3/CurTimerHz             0 Hz
00:11:26.051 /GVMM/HostCpus/3/DesiredHz              0 Hz
00:11:26.051 /GVMM/HostCpus/3/PPTChanges             0 times
00:11:26.051 /GVMM/HostCpus/3/PPTStarts              0 times
00:11:26.051 /GVMM/HostCpus/3/idxCpuSet              3 
00:11:26.051 /GVMM/HostCpus/4                        4 
00:11:26.051 /GVMM/HostCpus/4/CurTimerHz             0 Hz
00:11:26.051 /GVMM/HostCpus/4/DesiredHz              0 Hz
00:11:26.051 /GVMM/HostCpus/4/PPTChanges             0 times
00:11:26.051 /GVMM/HostCpus/4/PPTStarts              0 times
00:11:26.051 /GVMM/HostCpus/4/idxCpuSet              4 
00:11:26.051 /GVMM/HostCpus/5                        5 
00:11:26.051 /GVMM/HostCpus/5/CurTimerHz             0 Hz
00:11:26.051 /GVMM/HostCpus/5/DesiredHz              0 Hz
00:11:26.051 /GVMM/HostCpus/5/PPTChanges             0 times
00:11:26.051 /GVMM/HostCpus/5/PPTStarts              0 times
00:11:26.051 /GVMM/HostCpus/5/idxCpuSet              5 
00:11:26.051 /GVMM/HostCpus/6                        6 
00:11:26.051 /GVMM/HostCpus/6/CurTimerHz             0 Hz
00:11:26.051 /GVMM/HostCpus/6/DesiredHz              0 Hz
00:11:26.051 /GVMM/HostCpus/6/PPTChanges             0 times
00:11:26.051 /GVMM/HostCpus/6/PPTStarts              0 times
00:11:26.051 /GVMM/HostCpus/6/idxCpuSet              6 
00:11:26.051 /GVMM/HostCpus/7                        7 
00:11:26.051 /GVMM/HostCpus/7/CurTimerHz             0 Hz
00:11:26.051 /GVMM/HostCpus/7/DesiredHz              0 Hz
00:11:26.051 /GVMM/HostCpus/7/PPTChanges             0 times
00:11:26.051 /GVMM/HostCpus/7/PPTStarts              0 times
00:11:26.051 /GVMM/HostCpus/7/idxCpuSet              7 
00:11:26.051 /GVMM/Sum/HaltBlocking             427073 calls
00:11:26.051 /GVMM/Sum/HaltCalls                432065 calls
00:11:26.051 /GVMM/Sum/HaltNotBlocking            4992 calls
00:11:26.051 /GVMM/Sum/HaltTimeouts             402643 calls
00:11:26.051 /GVMM/Sum/HaltWakeUps                   0 calls
00:11:26.051 /GVMM/Sum/PokeCalls                  7751 calls
00:11:26.051 /GVMM/Sum/PokeNotBusy                 137 calls
00:11:26.051 /GVMM/Sum/PollCalls                     7 calls
00:11:26.051 /GVMM/Sum/PollHalts                     0 calls
00:11:26.051 /GVMM/Sum/PollWakeUps                   0 calls
00:11:26.051 /GVMM/Sum/WakeUpCalls               24642 calls
00:11:26.051 /GVMM/Sum/WakeUpNotHalted            6868 calls
00:11:26.051 /GVMM/Sum/WakeUpWakeUps                 0 calls
00:11:26.051 /GVMM/VM/HaltBlocking              427073 calls
00:11:26.051 /GVMM/VM/HaltCalls                 432065 calls
00:11:26.051 /GVMM/VM/HaltNotBlocking             4992 calls
00:11:26.051 /GVMM/VM/HaltTimeouts              402643 calls
00:11:26.051 /GVMM/VM/HaltWakeUps                    0 calls
00:11:26.051 /GVMM/VM/PokeCalls                   7751 calls
00:11:26.051 /GVMM/VM/PokeNotBusy                  137 calls
00:11:26.051 /GVMM/VM/PollCalls                      7 calls
00:11:26.051 /GVMM/VM/PollHalts                      0 calls
00:11:26.051 /GVMM/VM/PollWakeUps                    0 calls
00:11:26.051 /GVMM/VM/WakeUpCalls                24642 calls
00:11:26.051 /GVMM/VM/WakeUpNotHalted             6868 calls
00:11:26.051 /GVMM/VM/WakeUpWakeUps                  0 calls
00:11:26.051 /GVMM/VMs                               1 calls
00:11:26.051 /MM/HyperHeap/cbFree              1086160 bytes
00:11:26.051 /MM/HyperHeap/cbHeap              1310400 bytes
00:11:26.051 /PDM/BlkCache/cbCached                  0 bytes
00:11:26.051 /PDM/BlkCache/cbCachedFru               0 bytes
00:11:26.051 /PDM/BlkCache/cbCachedMruIn             0 bytes
00:11:26.051 /PDM/BlkCache/cbCachedMruOut            0 bytes
00:11:26.051 /PDM/BlkCache/cbMax               5242880 bytes
00:11:26.051 /PDM/CritSects/8237A#0 Auto/ContentionR3        0 times
00:11:26.051 /PDM/CritSects/8237A#0 Auto/ContentionRZLock        0 times
00:11:26.051 /PDM/CritSects/8237A#0 Auto/ContentionRZUnlock        0 times
00:11:26.051 /PDM/CritSects/ATA#0/ContentionR3        0 times
00:11:26.051 /PDM/CritSects/ATA#0/ContentionRZLock        1 times
00:11:26.051 /PDM/CritSects/ATA#0/ContentionRZUnlock        0 times
00:11:26.051 /PDM/CritSects/ATA#1/ContentionR3        0 times
00:11:26.051 /PDM/CritSects/ATA#1/ContentionRZLock        0 times
00:11:26.051 /PDM/CritSects/ATA#1/ContentionRZUnlock        0 times
00:11:26.051 /PDM/CritSects/AudioSniffer#0 Auto/ContentionR3        0 times
00:11:26.051 /PDM/CritSects/AudioSniffer#0 Auto/ContentionRZLock        0 times
00:11:26.051 /PDM/CritSects/AudioSniffer#0 Auto/ContentionRZUnlock        0 times
00:11:26.051 /PDM/CritSects/EM-REM/ContentionR3        0 times
00:11:26.051 /PDM/CritSects/EM-REM/ContentionRZLock        0 times
00:11:26.051 /PDM/CritSects/EM-REM/ContentionRZUnlock        0 times
00:11:26.051 /PDM/CritSects/FTM/ContentionR3         0 times
00:11:26.051 /PDM/CritSects/FTM/ContentionRZLock        0 times
00:11:26.051 /PDM/CritSects/FTM/ContentionRZUnlock        0 times
00:11:26.051 /PDM/CritSects/IOM Lock/ContentionR3        0 times
00:11:26.051 /PDM/CritSects/IOM Lock/ContentionRZLock        0 times
00:11:26.051 /PDM/CritSects/IOM Lock/ContentionRZUnlock        0 times
00:11:26.051 /PDM/CritSects/MM-HYPER/ContentionR3        0 times
00:11:26.051 /PDM/CritSects/MM-HYPER/ContentionRZLock        0 times
00:11:26.051 /PDM/CritSects/MM-HYPER/ContentionRZUnlock        0 times
00:11:26.051 /PDM/CritSects/NOP/ContentionR3         0 times
00:11:26.051 /PDM/CritSects/NOP/ContentionRZLock        0 times
00:11:26.051 /PDM/CritSects/NOP/ContentionRZUnlock        0 times
00:11:26.051 /PDM/CritSects/PCNet#0/ContentionR3        0 times
00:11:26.051 /PDM/CritSects/PCNet#0/ContentionRZLock        0 times
00:11:26.051 /PDM/CritSects/PCNet#0/ContentionRZUnlock        0 times
00:11:26.051 /PDM/CritSects/PDM/ContentionR3         0 times
00:11:26.051 /PDM/CritSects/PDM/ContentionRZLock        6 times
00:11:26.051 /PDM/CritSects/PDM/ContentionRZUnlock        1 times
00:11:26.051 /PDM/CritSects/PGM/ContentionR3         0 times
00:11:26.051 /PDM/CritSects/PGM/ContentionRZLock      258 times
00:11:26.051 /PDM/CritSects/PGM/ContentionRZUnlock        0 times
00:11:26.051 /PDM/CritSects/PS2KM#0/ContentionR3        0 times
00:11:26.052 /PDM/CritSects/PS2KM#0/ContentionRZLock        0 times
00:11:26.052 /PDM/CritSects/PS2KM#0/ContentionRZUnlock        0 times
00:11:26.052 /PDM/CritSects/REM-Register/ContentionR3        0 times
00:11:26.052 /PDM/CritSects/REM-Register/ContentionRZLock        0 times
00:11:26.052 /PDM/CritSects/REM-Register/ContentionRZUnlock        0 times
00:11:26.052 /PDM/CritSects/TM Timer Lock/ContentionR3        0 times
00:11:26.052 /PDM/CritSects/TM Timer Lock/ContentionRZLock        0 times
00:11:26.052 /PDM/CritSects/TM Timer Lock/ContentionRZUnlock        0 times
00:11:26.052 /PDM/CritSects/TM VirtualSync Lock/ContentionR3        0 times
00:11:26.052 /PDM/CritSects/TM VirtualSync Lock/ContentionRZLock        0 times
00:11:26.052 /PDM/CritSects/TM VirtualSync Lock/ContentionRZUnlock        0 times
00:11:26.052 /PDM/CritSects/VGA#u/ContentionR3        0 times
00:11:26.052 /PDM/CritSects/VGA#u/ContentionRZLock        0 times
00:11:26.052 /PDM/CritSects/VGA#u/ContentionRZUnlock        0 times
00:11:26.052 /PDM/CritSects/VMMDev#0 Auto/ContentionR3        0 times
00:11:26.052 /PDM/CritSects/VMMDev#0 Auto/ContentionRZLock        0 times
00:11:26.052 /PDM/CritSects/VMMDev#0 Auto/ContentionRZUnlock        0 times
00:11:26.052 /PDM/CritSects/VMMDev#u/ContentionR3        0 times
00:11:26.052 /PDM/CritSects/VMMDev#u/ContentionRZLock        0 times
00:11:26.052 /PDM/CritSects/VMMDev#u/ContentionRZUnlock        0 times
00:11:26.052 /PDM/CritSects/acpi0/ContentionR3        0 times
00:11:26.052 /PDM/CritSects/acpi0/ContentionRZLock        0 times
00:11:26.052 /PDM/CritSects/acpi0/ContentionRZUnlock        0 times
00:11:26.052 /PDM/CritSects/i8259#0 Auto/ContentionR3        0 times
00:11:26.052 /PDM/CritSects/i8259#0 Auto/ContentionRZLock        0 times
00:11:26.052 /PDM/CritSects/i8259#0 Auto/ContentionRZUnlock        0 times
00:11:26.052 /PDM/CritSects/mc146818#0 Auto/ContentionR3        0 times
00:11:26.052 /PDM/CritSects/mc146818#0 Auto/ContentionRZLock        0 times
00:11:26.052 /PDM/CritSects/mc146818#0 Auto/ContentionRZUnlock        0 times
00:11:26.052 /PDM/CritSects/pcarch#0 Auto/ContentionR3        0 times
00:11:26.052 /PDM/CritSects/pcarch#0 Auto/ContentionRZLock        0 times
00:11:26.052 /PDM/CritSects/pcarch#0 Auto/ContentionRZUnlock        0 times
00:11:26.052 /PDM/CritSects/pcbios#0 Auto/ContentionR3        0 times
00:11:26.052 /PDM/CritSects/pcbios#0 Auto/ContentionRZLock        0 times
00:11:26.052 /PDM/CritSects/pcbios#0 Auto/ContentionRZUnlock        0 times
00:11:26.052 /PDM/CritSects/pci#0 Auto/ContentionR3        0 times
00:11:26.052 /PDM/CritSects/pci#0 Auto/ContentionRZLock        0 times
00:11:26.052 /PDM/CritSects/pci#0 Auto/ContentionRZUnlock        0 times
00:11:26.052 /PDM/CritSects/pckbd#0 Auto/ContentionR3        0 times
00:11:26.052 /PDM/CritSects/pckbd#0 Auto/ContentionRZLock        0 times
00:11:26.052 /PDM/CritSects/pckbd#0 Auto/ContentionRZUnlock        0 times
00:11:26.052 /PDM/CritSects/pcnet#0 Auto/ContentionR3        0 times
00:11:26.052 /PDM/CritSects/pcnet#0 Auto/ContentionRZLock        0 times
00:11:26.052 /PDM/CritSects/pcnet#0 Auto/ContentionRZUnlock        0 times
00:11:26.052 /PDM/CritSects/piix3ide#0 Auto/ContentionR3        0 times
00:11:26.052 /PDM/CritSects/piix3ide#0 Auto/ContentionRZLock        0 times
00:11:26.052 /PDM/CritSects/piix3ide#0 Auto/ContentionRZUnlock        0 times
00:11:26.052 /PDM/CritSects/pit/ContentionR3         0 times
00:11:26.052 /PDM/CritSects/pit/ContentionRZLock        0 times
00:11:26.052 /PDM/CritSects/pit/ContentionRZUnlock        0 times
00:11:26.052 /PDM/CritSects/vga#0 Auto/ContentionR3        0 times
00:11:26.052 /PDM/CritSects/vga#0 Auto/ContentionRZLock        0 times
00:11:26.052 /PDM/CritSects/vga#0 Auto/ContentionRZUnlock        0 times
00:11:26.052 /PDM/Queue/DevHlp/AllocFailures         0 times
00:11:26.052 /PDM/Queue/DevHlp/Flush                 0 calls
00:11:26.052 /PDM/Queue/DevHlp/FlushLeftovers        0 times
00:11:26.052 /PDM/Queue/DevHlp/Insert                0 calls
00:11:26.052 /PDM/Queue/DevHlp/cItems                8 count
00:11:26.052 /PDM/Queue/DevHlp/cbItem               48 bytes
00:11:26.052 /PDM/Queue/Keyboard/AllocFailures        0 times
00:11:26.052 /PDM/Queue/Keyboard/Flush               0 calls
00:11:26.052 /PDM/Queue/Keyboard/FlushLeftovers        0 times
00:11:26.052 /PDM/Queue/Keyboard/Insert            830 calls
00:11:26.052 /PDM/Queue/Keyboard/cItems             64 count
00:11:26.052 /PDM/Queue/Keyboard/cbItem             32 bytes
00:11:26.052 /PDM/Queue/Mouse/AllocFailures          0 times
00:11:26.052 /PDM/Queue/Mouse/Flush                  0 calls
00:11:26.052 /PDM/Queue/Mouse/FlushLeftovers         0 times
00:11:26.052 /PDM/Queue/Mouse/Insert                 0 calls
00:11:26.052 /PDM/Queue/Mouse/cItems               128 count
00:11:26.052 /PDM/Queue/Mouse/cbItem                56 bytes
00:11:26.052 /PDM/Queue/PCNet-Rcv/AllocFailures        0 times
00:11:26.052 /PDM/Queue/PCNet-Rcv/Flush              0 calls
00:11:26.052 /PDM/Queue/PCNet-Rcv/FlushLeftovers        0 times
00:11:26.052 /PDM/Queue/PCNet-Rcv/Insert             0 calls
00:11:26.052 /PDM/Queue/PCNet-Rcv/cItems             1 count
00:11:26.052 /PDM/Queue/PCNet-Rcv/cbItem            24 bytes
00:11:26.052 /PDM/Queue/PCNet-Xmit/AllocFailures        5 times
00:11:26.052 /PDM/Queue/PCNet-Xmit/Flush             0 calls
00:11:26.052 /PDM/Queue/PCNet-Xmit/FlushLeftovers        0 times
00:11:26.052 /PDM/Queue/PCNet-Xmit/Insert            9 calls
00:11:26.052 /PDM/Queue/PCNet-Xmit/cItems            1 count
00:11:26.052 /PDM/Queue/PCNet-Xmit/cbItem           24 bytes
00:11:26.052 /PGM/CPU0/cGuestModeChanges          1105 times
00:11:26.052 /PGM/ChunkR3Map/Mapped                 27 count
00:11:26.052 /PGM/ChunkR3Map/Unmapped                0 count
00:11:26.052 /PGM/ChunkR3Map/c                      27 count
00:11:26.052 /PGM/ChunkR3Map/cMax             4294967295 count
00:11:26.052 /PGM/LargePage/Recheck                  0 times
00:11:26.052 /PGM/LargePage/Refused                  0 times
00:11:26.052 /PGM/LargePage/Reused                   0 times
00:11:26.052 /PGM/Page/cAllPages                 68772 count
00:11:26.052 /PGM/Page/cBalloonedPages               0 count
00:11:26.052 /PGM/Page/cHandyPages                  70 count
00:11:26.052 /PGM/Page/cLargePages                   0 count
00:11:26.052 /PGM/Page/cLargePagesDisabled           0 count
00:11:26.052 /PGM/Page/cMonitoredPages               0 count
00:11:26.052 /PGM/Page/cPrivatePages             16505 count
00:11:26.052 /PGM/Page/cPureMmioPages                2 count
00:11:26.052 /PGM/Page/cReadLockedPages              0 count
00:11:26.052 /PGM/Page/cReusedSharedPages            0 count
00:11:26.052 /PGM/Page/cSharedPages                  0 count
00:11:26.053 /PGM/Page/cWriteLockedPages             0 count
00:11:26.053 /PGM/Page/cWrittenToPages               0 count
00:11:26.053 /PGM/Page/cZeroPages                52265 count
00:11:26.053 /PGM/ShMod/Check                        0 ticks/call (           0 ticks,       0 times, max         0, min      -1)
00:11:26.053 /PGM/cRelocations                       0 times
00:11:26.053 /PROF/CPU0/EM/Capped                    0 ticks/call (           0 ticks,       0 times, max         0, min      -1)
00:11:26.053 /PROF/CPU0/EM/ForcedActions         64602 times
00:11:26.053 /PROF/CPU0/EM/Halted                16318 times
00:11:26.053 /PROF/CPU0/EM/RAWTotal                  0 times
00:11:26.053 /PROF/CPU0/EM/REMTotal                556 times
00:11:26.053 /PROF/CPU0/EM/Total              2161585892640 ticks/call (2161585892640 ticks,       1 times, max 2161585892640, min 2161585892640)
00:11:26.053 /PROF/VM/CPU0/Halt/Block          1525394 ns/call (659061958569 ticks,  432060 times, max  29541929, min       1)
00:11:26.053 /PROF/VM/CPU0/Halt/BlockInsomnia        0 ns/call (           0 ticks,       0 times, max         0, min      -1)
00:11:26.053 /PROF/VM/CPU0/Halt/BlockOnTime          0 ns/call (           0 ticks,       0 times, max         0, min      -1)
00:11:26.053 /PROF/VM/CPU0/Halt/BlockOverslept        0 ns/call (           0 ticks,       0 times, max         0, min      -1)
00:11:26.053 /PROF/VM/CPU0/Halt/Timers            3317 ns/call (  1503948563 ticks,  453390 times, max   3014514, min       2)
00:11:26.053 /PROF/VM/CPU0/Halt/Yield             2334 ns/call (       16340 ticks,       7 times, max      2737, min    2102)
00:11:26.053 /REM/TbFlushCount                     551 times
00:11:26.053 /REM/TbPhysInvldCount                9603 times
00:11:26.053 /REM/TlbFlushCount                  16817 times
00:11:26.053 /TM/CPU/00/cNsExecuting          13903196406 ns
00:11:26.053 /TM/CPU/00/cNsHalted             660827422699 ns
00:11:26.053 /TM/CPU/00/cNsOther              9592828803 ns
00:11:26.053 /TM/CPU/00/cNsTotal              684323447908 ns
00:11:26.053 /TM/CPU/00/cPeriodsExecuting      3288895 count
00:11:26.053 /TM/CPU/00/cPeriodsHalted           16264 count
00:11:26.053 /TM/CPU/00/pctExecuting                 0 %
00:11:26.053 /TM/CPU/00/pctHalted                   99 %
00:11:26.053 /TM/CPU/00/pctOther                     0 %
00:11:26.053 /TM/CPU/pctExecuting                    0 %
00:11:26.053 /TM/CPU/pctHalted                      99 %
00:11:26.053 /TM/CPU/pctOther                        0 %
00:11:26.053 /TM/MaxHzHint                           0 Hz
00:11:26.053 /TM/R0/1nsSteps                    154462 times
00:11:26.053 /TM/R3/1nsSteps                    157506 times
00:11:26.053 /TM/TSC/offCPU0                         0 ticks
00:11:26.053 /TM/VirtualSync/CurrentOffset       11220 ns
00:11:26.053 ********************* End of statistics **********************
00:11:26.056 NAT: zone(nm:mbuf, used:1)
00:11:26.056 NAT: zone(nm:mbuf_cluster, used:0)
00:11:26.056 NAT: zone(nm:mbuf_packet, used:0)
00:11:26.056 NAT: zone(nm:mbuf_jumbo_pagesize, used:0)
00:11:26.056 NAT: zone(nm:mbuf_jumbo_9k, used:0)
00:11:26.056 NAT: zone(nm:mbuf_jumbo_16k, used:0)
00:11:26.057 Changing the VM state from 'DESTROYING' to 'TERMINATED'.
00:11:26.217 ERROR [COM]: aRC=E_ACCESSDENIED (0x80070005) aIID={1968b7d3-e3bf-4ceb-99e0-cb7c913317bb} aComponent={Console} aText={The virtual machine is not powered up}, preserve=false
